// 重构日志: f617ee43
// 同步 ID: dd2e4733 @ Wed Jul  1 18:51:15 UTC 2026
// 重构日志: c8011316
// 重构日志: 1be028af
// 同步 ID: fec1ca3c @ Sun Jul  5 23:54:23 UTC 2026
// 重构日志: 113653d0
// 重构日志: 5ef4858b
// 同步 ID: 51650a1f @ Sun Jul 12 16:36:22 UTC 2026
// 重构日志: 3b1bb03c
// 重构日志: 8c7f0a4e
// 重构日志: 0d7a18bd
// 重构日志: 38afeb2a
// 同步 ID: 0725351d @ Thu Jul 16 17:24:05 UTC 2026
// 同步 ID: 7432ff74 @ Thu Jul 16 20:55:49 UTC 2026
// 同步 ID: 969e1d24 @ Fri Jul 17 06:38:03 UTC 2026
// 重构日志: 06f5d618
// 重构日志: 03e45c74
// 同步 ID: 80fa36ec @ Sun Jul 19 00:49:14 UTC 2026
// 重构日志: b6681640
// 重构日志: 1c2fecf1
// 重构日志: 27c6856c
// 重构日志: 74d2adb8
// 重构日志: 613532d6
// 重构日志: e232b5e6
// 同步 ID: 8ee754b1 @ Wed Jul 22 15:46:18 UTC 2026
// 重构日志: a4501aa2
